<?xml version="1.0" encoding="UTF-8"?>
<testsuite xmlns:xsi="http://www.w3.org/2001/XMLSchema-instance" xsi:noNamespaceSchemaLocation="https://maven.apache.org/surefire/maven-surefire-plugin/xsd/surefire-test-report-3.0.xsd" version="3.0" name="it.pkg.TestNLPQueries" time="10.674" tests="2" errors="0" skipped="0" failures="0">
  <properties>
    <property name="java.specification.version" value="21"/>
    <property name="sun.jnu.encoding" value="UTF-8"/>
    <property name="user.region" value="US"/>
    <property name="java.class.path" value="/home/zephyrus/Documents/Knorket.AI/attempt3/trino-plugin-archetype/trino-nlp-embeddings/target/test-classes:/home/zephyrus/Documents/Knorket.AI/attempt3/trino-plugin-archetype/trino-nlp-embeddings/target/classes:/root/.m2/repository/com/google/guava/guava/32.1.3-jre/guava-32.1.3-jre.jar:/root/.m2/repository/com/google/guava/failureaccess/1.0.1/failureaccess-1.0.1.jar:/root/.m2/repository/com/google/code/findbugs/jsr305/3.0.2/jsr305-3.0.2.jar:/root/.m2/repository/org/checkerframework/checker-qual/3.37.0/checker-qual-3.37.0.jar:/root/.m2/repository/com/google/j2objc/j2objc-annotations/2.8/j2objc-annotations-2.8.jar:/root/.m2/repository/com/google/inject/guice/7.0.0/guice-7.0.0.jar:/root/.m2/repository/jakarta/inject/jakarta.inject-api/2.0.1/jakarta.inject-api-2.0.1.jar:/root/.m2/repository/aopalliance/aopalliance/1.0/aopalliance-1.0.jar:/root/.m2/repository/io/airlift/bootstrap/239/bootstrap-239.jar:/root/.m2/repository/jakarta/annotation/jakarta.annotation-api/2.1.1/jakarta.annotation-api-2.1.1.jar:/root/.m2/repository/io/airlift/configuration/239/configuration-239.jar:/root/.m2/repository/jakarta/validation/jakarta.validation-api/3.0.2/jakarta.validation-api-3.0.2.jar:/root/.m2/repository/net/bytebuddy/byte-buddy/1.14.0/byte-buddy-1.14.0.jar:/root/.m2/repository/org/hibernate/validator/hibernate-validator/8.0.1.Final/hibernate-validator-8.0.1.Final.jar:/root/.m2/repository/org/jboss/logging/jboss-logging/3.4.3.Final/jboss-logging-3.4.3.Final.jar:/root/.m2/repository/com/fasterxml/classmate/1.5.1/classmate-1.5.1.jar:/root/.m2/repository/javax/validation/validation-api/2.0.1.Final/validation-api-2.0.1.Final.jar:/root/.m2/repository/com/fasterxml/jackson/core/jackson-annotations/2.15.3/jackson-annotations-2.15.3.jar:/root/.m2/repository/io/airlift/slice/2.2/slice-2.2.jar:/root/.m2/repository/org/openjdk/jol/jol-core/0.16/jol-core-0.16.jar:/root/.m2/repository/io/opentelemetry/opentelemetry-api/1.31.0/opentelemetry-api-1.31.0.jar:/root/.m2/repository/io/opentelemetry/opentelemetry-context/1.31.0/opentelemetry-context-1.31.0.jar:/root/.m2/repository/io/trino/trino-spi/436/trino-spi-436.jar:/root/.m2/repository/com/google/errorprone/error_prone_annotations/2.24.1/error_prone_annotations-2.24.1.jar:/root/.m2/repository/io/airlift/log/239/log-239.jar:/root/.m2/repository/io/airlift/log-manager/239/log-manager-239.jar:/root/.m2/repository/com/fasterxml/jackson/core/jackson-core/2.15.3/jackson-core-2.15.3.jar:/root/.m2/repository/io/airlift/concurrent/239/concurrent-239.jar:/root/.m2/repository/io/airlift/json/239/json-239.jar:/root/.m2/repository/com/fasterxml/jackson/datatype/jackson-datatype-guava/2.15.3/jackson-datatype-guava-2.15.3.jar:/root/.m2/repository/com/fasterxml/jackson/datatype/jackson-datatype-joda/2.15.3/jackson-datatype-joda-2.15.3.jar:/root/.m2/repository/com/fasterxml/jackson/datatype/jackson-datatype-jsr310/2.15.3/jackson-datatype-jsr310-2.15.3.jar:/root/.m2/repository/com/fasterxml/jackson/module/jackson-module-parameter-names/2.15.3/jackson-module-parameter-names-2.15.3.jar:/root/.m2/repository/org/weakref/jmxutils/1.24/jmxutils-1.24.jar:/root/.m2/repository/org/apache/logging/log4j/log4j-to-slf4j/2.17.1/log4j-to-slf4j-2.17.1.jar:/root/.m2/repository/org/slf4j/slf4j-api/2.0.9/slf4j-api-2.0.9.jar:/root/.m2/repository/org/apache/logging/log4j/log4j-api/2.17.1/log4j-api-2.17.1.jar:/root/.m2/repository/org/slf4j/jcl-over-slf4j/2.0.9/jcl-over-slf4j-2.0.9.jar:/root/.m2/repository/org/slf4j/log4j-over-slf4j/2.0.9/log4j-over-slf4j-2.0.9.jar:/root/.m2/repository/org/slf4j/slf4j-jdk14/2.0.9/slf4j-jdk14-2.0.9.jar:/root/.m2/repository/io/airlift/units/1.10/units-1.10.jar:/root/.m2/repository/io/airlift/testing/239/testing-239.jar:/root/.m2/repository/io/trino/trino-main/436/trino-main-436.jar:/root/.m2/repository/com/clearspring/analytics/stream/2.9.8/stream-2.9.8.jar:/root/.m2/repository/com/esri/geometry/esri-geometry-api/2.2.4/esri-geometry-api-2.2.4.jar:/root/.m2/repository/com/fasterxml/jackson/core/jackson-databind/2.15.3/jackson-databind-2.15.3.jar:/root/.m2/repository/com/github/oshi/oshi-core/6.4.10/oshi-core-6.4.10.jar:/root/.m2/repository/net/java/dev/jna/jna/5.14.0/jna-5.14.0.jar:/root/.m2/repository/com/nimbusds/nimbus-jose-jwt/9.37.3/nimbus-jose-jwt-9.37.3.jar:/root/.m2/repository/com/github/stephenc/jcip/jcip-annotations/1.0-1/jcip-annotations-1.0-1.jar:/root/.m2/repository/com/nimbusds/oauth2-oidc-sdk/11.9/oauth2-oidc-sdk-11.9-jdk11.jar:/root/.m2/repository/com/nimbusds/content-type/2.3/content-type-2.3.jar:/root/.m2/repository/net/minidev/json-smart/2.5.0/json-smart-2.5.0.jar:/root/.m2/repository/net/minidev/accessors-smart/2.5.0/accessors-smart-2.5.0.jar:/root/.m2/repository/com/nimbusds/lang-tag/1.7/lang-tag-1.7.jar:/root/.m2/repository/commons-codec/commons-codec/1.16.0/commons-codec-1.16.0.jar:/root/.m2/repository/dev/failsafe/failsafe/3.3.2/failsafe-3.3.2.jar:/root/.m2/repository/io/airlift/aircompressor/0.25/aircompressor-0.25.jar:/root/.m2/repository/io/airlift/bytecode/1.5/bytecode-1.5.jar:/root/.m2/repository/org/ow2/asm/asm-tree/9.4/asm-tree-9.4.jar:/root/.m2/repository/org/ow2/asm/asm-util/9.4/asm-util-9.4.jar:/root/.m2/repository/org/ow2/asm/asm-analysis/9.4/asm-analysis-9.4.jar:/root/.m2/repository/io/airlift/discovery/239/discovery-239.jar:/root/.m2/repository/io/airlift/event/239/event-239.jar:/root/.m2/repository/io/airlift/http-client/239/http-client-239.jar:/root/.m2/repository/ch/qos/logback/logback-core/1.4.8/logback-core-1.4.8.jar:/root/.m2/repository/io/opentelemetry/semconv/opentelemetry-semconv/1.21.0-alpha/opentelemetry-semconv-1.21.0-alpha.jar:/root/.m2/repository/org/eclipse/jetty/jetty-client/11.0.17/jetty-client-11.0.17.jar:/root/.m2/repository/org/eclipse/jetty/jetty-alpn-client/11.0.17/jetty-alpn-client-11.0.17.jar:/root/.m2/repository/org/eclipse/jetty/jetty-http/11.0.17/jetty-http-11.0.17.jar:/root/.m2/repository/org/eclipse/jetty/jetty-io/11.0.17/jetty-io-11.0.17.jar:/root/.m2/repository/org/eclipse/jetty/jetty-util/11.0.17/jetty-util-11.0.17.jar:/root/.m2/repository/org/eclipse/jetty/http2/http2-client/11.0.17/http2-client-11.0.17.jar:/root/.m2/repository/org/eclipse/jetty/http2/http2-common/11.0.17/http2-common-11.0.17.jar:/root/.m2/repository/org/eclipse/jetty/http2/http2-hpack/11.0.17/http2-hpack-11.0.17.jar:/root/.m2/repository/org/eclipse/jetty/http2/http2-http-client-transport/11.0.17/http2-http-client-transport-11.0.17.jar:/root/.m2/repository/org/eclipse/jetty/jetty-alpn-java-client/11.0.17/jetty-alpn-java-client-11.0.17.jar:/root/.m2/repository/io/airlift/http-server/239/http-server-239.jar:/root/.m2/repository/org/eclipse/jetty/jetty-jmx/11.0.17/jetty-jmx-11.0.17.jar:/root/.m2/repository/org/eclipse/jetty/jetty-security/11.0.17/jetty-security-11.0.17.jar:/root/.m2/repository/org/eclipse/jetty/jetty-server/11.0.17/jetty-server-11.0.17.jar:/root/.m2/repository/org/eclipse/jetty/jetty-servlet/11.0.17/jetty-servlet-11.0.17.jar:/root/.m2/repository/org/eclipse/jetty/http2/http2-server/11.0.17/http2-server-11.0.17.jar:/root/.m2/repository/io/airlift/jaxrs/239/jaxrs-239.jar:/root/.m2/repository/com/fasterxml/jackson/dataformat/jackson-dataformat-smile/2.15.3/jackson-dataformat-smile-2.15.3.jar:/root/.m2/repository/org/glassfish/jersey/containers/jersey-container-servlet-core/3.1.2/jersey-container-servlet-core-3.1.2.jar:/root/.m2/repository/org/glassfish/jersey/core/jersey-common/3.1.2/jersey-common-3.1.2.jar:/root/.m2/repository/org/glassfish/hk2/osgi-resource-locator/1.0.3/osgi-resource-locator-1.0.3.jar:/root/.m2/repository/org/glassfish/jersey/core/jersey-server/3.1.2/jersey-server-3.1.2.jar:/root/.m2/repository/org/glassfish/jersey/core/jersey-client/3.1.2/jersey-client-3.1.2.jar:/root/.m2/repository/jakarta/xml/bind/jakarta.xml.bind-api/4.0.1/jakarta.xml.bind-api-4.0.1.jar:/root/.m2/repository/jakarta/activation/jakarta.activation-api/2.1.2/jakarta.activation-api-2.1.2.jar:/root/.m2/repository/org/glassfish/jaxb/jaxb-runtime/4.0.2/jaxb-runtime-4.0.2.jar:/root/.m2/repository/org/glassfish/jaxb/jaxb-core/4.0.2/jaxb-core-4.0.2.jar:/root/.m2/repository/org/eclipse/angus/angus-activation/2.0.0/angus-activation-2.0.0.jar:/root/.m2/repository/org/glassfish/jaxb/txw2/4.0.2/txw2-4.0.2.jar:/root/.m2/repository/com/sun/istack/istack-commons-runtime/4.1.1/istack-commons-runtime-4.1.1.jar:/root/.m2/repository/org/glassfish/jersey/containers/jersey-container-servlet/3.1.2/jersey-container-servlet-3.1.2.jar:/root/.m2/repository/org/glassfish/jersey/inject/jersey-hk2/3.1.2/jersey-hk2-3.1.2.jar:/root/.m2/repository/org/glassfish/hk2/hk2-locator/3.0.4/hk2-locator-3.0.4.jar:/root/.m2/repository/org/glassfish/hk2/hk2-api/3.0.4/hk2-api-3.0.4.jar:/root/.m2/repository/org/glassfish/hk2/hk2-utils/3.0.4/hk2-utils-3.0.4.jar:/root/.m2/repository/org/javassist/javassist/3.29.0-GA/javassist-3.29.0-GA.jar:/root/.m2/repository/io/airlift/jmx/239/jmx-239.jar:/root/.m2/repository/io/airlift/jmx-http/239/jmx-http-239.jar:/root/.m2/repository/io/airlift/joni/2.1.5.3/joni-2.1.5.3.jar:/root/.m2/repository/io/airlift/node/239/node-239.jar:/root/.m2/repository/io/airlift/openmetrics/239/openmetrics-239.jar:/root/.m2/repository/io/airlift/security/239/security-239.jar:/root/.m2/repository/io/airlift/stats/239/stats-239.jar:/root/.m2/repository/org/hdrhistogram/HdrHistogram/2.1.9/HdrHistogram-2.1.9.jar:/root/.m2/repository/io/airlift/trace-token/239/trace-token-239.jar:/root/.m2/repository/io/airlift/tracing/239/tracing-239.jar:/root/.m2/repository/io/opentelemetry/opentelemetry-exporter-otlp/1.31.0/opentelemetry-exporter-otlp-1.31.0.jar:/root/.m2/repository/io/opentelemetry/opentelemetry-sdk-metrics/1.31.0/opentelemetry-sdk-metrics-1.31.0.jar:/root/.m2/repository/io/opentelemetry/opentelemetry-extension-incubator/1.31.0-alpha/opentelemetry-extension-incubator-1.31.0-alpha.jar:/root/.m2/repository/io/opentelemetry/opentelemetry-sdk-logs/1.31.0/opentelemetry-sdk-logs-1.31.0.jar:/root/.m2/repository/io/opentelemetry/opentelemetry-api-events/1.31.0-alpha/opentelemetry-api-events-1.31.0-alpha.jar:/root/.m2/repository/io/opentelemetry/opentelemetry-exporter-otlp-common/1.31.0/opentelemetry-exporter-otlp-common-1.31.0.jar:/root/.m2/repository/io/opentelemetry/opentelemetry-exporter-common/1.31.0/opentelemetry-exporter-common-1.31.0.jar:/root/.m2/repository/io/opentelemetry/opentelemetry-exporter-sender-okhttp/1.31.0/opentelemetry-exporter-sender-okhttp-1.31.0.jar:/root/.m2/repository/io/opentelemetry/opentelemetry-sdk-extension-autoconfigure-spi/1.31.0/opentelemetry-sdk-extension-autoconfigure-spi-1.31.0.jar:/root/.m2/repository/io/opentelemetry/opentelemetry-sdk/1.31.0/opentelemetry-sdk-1.31.0.jar:/root/.m2/repository/io/opentelemetry/opentelemetry-sdk-common/1.31.0/opentelemetry-sdk-common-1.31.0.jar:/root/.m2/repository/io/airlift/discovery/discovery-server/1.36/discovery-server-1.36.jar:/root/.m2/repository/io/airlift/jmx-http-rpc/234/jmx-http-rpc-234.jar:/root/.m2/repository/org/iq80/leveldb/leveldb-api/0.12/leveldb-api-0.12.jar:/root/.m2/repository/org/iq80/leveldb/leveldb/0.12/leveldb-0.12.jar:/root/.m2/repository/io/airlift/event-http/234/event-http-234.jar:/root/.m2/repository/io/jsonwebtoken/jjwt-api/0.12.3/jjwt-api-0.12.3.jar:/root/.m2/repository/io/jsonwebtoken/jjwt-impl/0.12.3/jjwt-impl-0.12.3.jar:/root/.m2/repository/io/jsonwebtoken/jjwt-jackson/0.12.3/jjwt-jackson-0.12.3.jar:/root/.m2/repository/io/opentelemetry/opentelemetry-sdk-trace/1.31.0/opentelemetry-sdk-trace-1.31.0.jar:/root/.m2/repository/io/trino/re2j/1.6/re2j-1.6.jar:/root/.m2/repository/io/trino/trino-array/436/trino-array-436.jar:/root/.m2/repository/io/trino/trino-cache/436/trino-cache-436.jar:/root/.m2/repository/io/trino/trino-client/436/trino-client-436.jar:/root/.m2/repository/io/trino/trino-geospatial-toolkit/436/trino-geospatial-toolkit-436.jar:/root/.m2/repository/org/locationtech/jts/io/jts-io-common/1.19.0/jts-io-common-1.19.0.jar:/root/.m2/repository/com/googlecode/json-simple/json-simple/1.1.1/json-simple-1.1.1.jar:/root/.m2/repository/io/trino/trino-matching/436/trino-matching-436.jar:/root/.m2/repository/io/trino/trino-memory-context/436/trino-memory-context-436.jar:/root/.m2/repository/io/trino/trino-parser/436/trino-parser-436.jar:/root/.m2/repository/io/trino/trino-grammar/436/trino-grammar-436.jar:/root/.m2/repository/org/antlr/antlr4-runtime/4.13.1/antlr4-runtime-4.13.1.jar:/root/.m2/repository/io/trino/trino-plugin-toolkit/436/trino-plugin-toolkit-436.jar:/root/.m2/repository/it/unimi/dsi/fastutil/8.5.12/fastutil-8.5.12.jar:/root/.m2/repository/jakarta/ws/rs/jakarta.ws.rs-api/3.1.0/jakarta.ws.rs-api-3.1.0.jar:/root/.m2/repository/joda-time/joda-time/2.12.6/joda-time-2.12.6.jar:/root/.m2/repository/org/apache/commons/commons-math3/3.6.1/commons-math3-3.6.1.jar:/root/.m2/repository/org/apache/lucene/lucene-analysis-common/9.7.0/lucene-analysis-common-9.7.0.jar:/root/.m2/repository/org/apache/lucene/lucene-core/9.7.0/lucene-core-9.7.0.jar:/root/.m2/repository/org/eclipse/jetty/toolchain/jetty-jakarta-servlet-api/5.0.2/jetty-jakarta-servlet-api-5.0.2.jar:/root/.m2/repository/org/gaul/modernizer-maven-annotations/2.7.0/modernizer-maven-annotations-2.7.0.jar:/root/.m2/repository/org/locationtech/jts/jts-core/1.19.0/jts-core-1.19.0.jar:/root/.m2/repository/org/ow2/asm/asm/9.6/asm-9.6.jar:/root/.m2/repository/org/pcollections/pcollections/4.0.1/pcollections-4.0.1.jar:/root/.m2/repository/org/roaringbitmap/RoaringBitmap/1.0.1/RoaringBitmap-1.0.1.jar:/root/.m2/repository/com/squareup/okhttp3/okhttp/4.12.0/okhttp-4.12.0.jar:/root/.m2/repository/com/squareup/okio/okio/3.6.0/okio-3.6.0.jar:/root/.m2/repository/com/squareup/okio/okio-jvm/3.6.0/okio-jvm-3.6.0.jar:/root/.m2/repository/org/jetbrains/kotlin/kotlin-stdlib-common/1.9.0/kotlin-stdlib-common-1.9.0.jar:/root/.m2/repository/org/jetbrains/kotlin/kotlin-stdlib-jdk8/1.9.0/kotlin-stdlib-jdk8-1.9.0.jar:/root/.m2/repository/org/jetbrains/kotlin/kotlin-stdlib/1.9.0/kotlin-stdlib-1.9.0.jar:/root/.m2/repository/org/jetbrains/kotlin/kotlin-stdlib-jdk7/1.9.0/kotlin-stdlib-jdk7-1.9.0.jar:/root/.m2/repository/net/java/dev/jna/jna-platform/5.14.0/jna-platform-5.14.0.jar:/root/.m2/repository/io/trino/trino-memory/436/trino-memory-436.jar:/root/.m2/repository/io/trino/trino-testing/436/trino-testing-436.jar:/root/.m2/repository/io/opentelemetry/opentelemetry-sdk-testing/1.31.0/opentelemetry-sdk-testing-1.31.0.jar:/root/.m2/repository/io/trino/trino-main/436/trino-main-436-tests.jar:/root/.m2/repository/io/trino/trino-testing-containers/436/trino-testing-containers-436.jar:/root/.m2/repository/com/github/docker-java/docker-java-api/3.3.4/docker-java-api-3.3.4.jar:/root/.m2/repository/io/minio/minio/8.5.7/minio-8.5.7.jar:/root/.m2/repository/com/carrotsearch/thirdparty/simple-xml-safe/2.7.1/simple-xml-safe-2.7.1.jar:/root/.m2/repository/org/bouncycastle/bcprov-jdk18on/1.76/bcprov-jdk18on-1.76.jar:/root/.m2/repository/org/apache/commons/commons-compress/1.24.0/commons-compress-1.24.0.jar:/root/.m2/repository/org/xerial/snappy/snappy-java/1.1.10.5/snappy-java-1.1.10.5.jar:/root/.m2/repository/org/rnorth/duct-tape/duct-tape/1.0.8/duct-tape-1.0.8.jar:/root/.m2/repository/org/jetbrains/annotations/17.0.0/annotations-17.0.0.jar:/root/.m2/repository/org/testcontainers/testcontainers/1.19.3/testcontainers-1.19.3.jar:/root/.m2/repository/junit/junit/4.13.2/junit-4.13.2.jar:/root/.m2/repository/org/hamcrest/hamcrest-core/1.3/hamcrest-core-1.3.jar:/root/.m2/repository/com/github/docker-java/docker-java-transport-zerodep/3.3.4/docker-java-transport-zerodep-3.3.4.jar:/root/.m2/repository/com/github/docker-java/docker-java-transport/3.3.4/docker-java-transport-3.3.4.jar:/root/.m2/repository/io/trino/trino-testing-services/436/trino-testing-services-436.jar:/root/.m2/repository/io/trino/tpch/tpch/1.2/tpch-1.2.jar:/root/.m2/repository/org/assertj/assertj-core/3.24.2/assertj-core-3.24.2.jar:/root/.m2/repository/org/jdbi/jdbi3-core/3.43.0/jdbi3-core-3.43.0.jar:/root/.m2/repository/io/leangen/geantyref/geantyref/1.3.14/geantyref-1.3.14.jar:/root/.m2/repository/com/h2database/h2/2.2.224/h2-2.2.224.jar:/root/.m2/repository/io/trino/trino-tpch/436/trino-tpch-436.jar:/root/.m2/repository/com/fasterxml/jackson/datatype/jackson-datatype-jdk8/2.15.3/jackson-datatype-jdk8-2.15.3.jar:/root/.m2/repository/org/junit/jupiter/junit-jupiter-api/5.10.0/junit-jupiter-api-5.10.0.jar:/root/.m2/repository/org/opentest4j/opentest4j/1.3.0/opentest4j-1.3.0.jar:/root/.m2/repository/org/junit/platform/junit-platform-commons/1.10.0/junit-platform-commons-1.10.0.jar:/root/.m2/repository/org/apiguardian/apiguardian-api/1.1.2/apiguardian-api-1.1.2.jar:"/>
    <property name="java.vm.vendor" value="Oracle Corporation"/>
    <property name="sun.arch.data.model" value="64"/>
    <property name="git.commit.id" value="cf1aec728c9e25641369460f04410a9f15df875d"/>
    <property name="java.vendor.url" value="https://java.oracle.com/"/>
    <property name="user.timezone" value="UTC"/>
    <property name="os.name" value="Linux"/>
    <property name="java.vm.specification.version" value="21"/>
    <property name="sun.java.launcher" value="SUN_STANDARD"/>
    <property name="user.country" value="US"/>
    <property name="sun.boot.library.path" value="/usr/lib/jvm/jdk-21.0.4-oracle-x64/lib"/>
    <property name="sun.java.command" value="/home/zephyrus/Documents/Knorket.AI/attempt3/trino-plugin-archetype/trino-nlp-embeddings/target/surefire/surefirebooter-20240925145605901_3.jar /home/zephyrus/Documents/Knorket.AI/attempt3/trino-plugin-archetype/trino-nlp-embeddings/target/surefire 2024-09-25T14-56-05_833-jvmRun1 surefire-20240925145605901_1tmp surefire_0-20240925145605901_2tmp"/>
    <property name="jdk.debug" value="release"/>
    <property name="surefire.test.class.path" value="/home/zephyrus/Documents/Knorket.AI/attempt3/trino-plugin-archetype/trino-nlp-embeddings/target/test-classes:/home/zephyrus/Documents/Knorket.AI/attempt3/trino-plugin-archetype/trino-nlp-embeddings/target/classes:/root/.m2/repository/com/google/guava/guava/32.1.3-jre/guava-32.1.3-jre.jar:/root/.m2/repository/com/google/guava/failureaccess/1.0.1/failureaccess-1.0.1.jar:/root/.m2/repository/com/google/code/findbugs/jsr305/3.0.2/jsr305-3.0.2.jar:/root/.m2/repository/org/checkerframework/checker-qual/3.37.0/checker-qual-3.37.0.jar:/root/.m2/repository/com/google/j2objc/j2objc-annotations/2.8/j2objc-annotations-2.8.jar:/root/.m2/repository/com/google/inject/guice/7.0.0/guice-7.0.0.jar:/root/.m2/repository/jakarta/inject/jakarta.inject-api/2.0.1/jakarta.inject-api-2.0.1.jar:/root/.m2/repository/aopalliance/aopalliance/1.0/aopalliance-1.0.jar:/root/.m2/repository/io/airlift/bootstrap/239/bootstrap-239.jar:/root/.m2/repository/jakarta/annotation/jakarta.annotation-api/2.1.1/jakarta.annotation-api-2.1.1.jar:/root/.m2/repository/io/airlift/configuration/239/configuration-239.jar:/root/.m2/repository/jakarta/validation/jakarta.validation-api/3.0.2/jakarta.validation-api-3.0.2.jar:/root/.m2/repository/net/bytebuddy/byte-buddy/1.14.0/byte-buddy-1.14.0.jar:/root/.m2/repository/org/hibernate/validator/hibernate-validator/8.0.1.Final/hibernate-validator-8.0.1.Final.jar:/root/.m2/repository/org/jboss/logging/jboss-logging/3.4.3.Final/jboss-logging-3.4.3.Final.jar:/root/.m2/repository/com/fasterxml/classmate/1.5.1/classmate-1.5.1.jar:/root/.m2/repository/javax/validation/validation-api/2.0.1.Final/validation-api-2.0.1.Final.jar:/root/.m2/repository/com/fasterxml/jackson/core/jackson-annotations/2.15.3/jackson-annotations-2.15.3.jar:/root/.m2/repository/io/airlift/slice/2.2/slice-2.2.jar:/root/.m2/repository/org/openjdk/jol/jol-core/0.16/jol-core-0.16.jar:/root/.m2/repository/io/opentelemetry/opentelemetry-api/1.31.0/opentelemetry-api-1.31.0.jar:/root/.m2/repository/io/opentelemetry/opentelemetry-context/1.31.0/opentelemetry-context-1.31.0.jar:/root/.m2/repository/io/trino/trino-spi/436/trino-spi-436.jar:/root/.m2/repository/com/google/errorprone/error_prone_annotations/2.24.1/error_prone_annotations-2.24.1.jar:/root/.m2/repository/io/airlift/log/239/log-239.jar:/root/.m2/repository/io/airlift/log-manager/239/log-manager-239.jar:/root/.m2/repository/com/fasterxml/jackson/core/jackson-core/2.15.3/jackson-core-2.15.3.jar:/root/.m2/repository/io/airlift/concurrent/239/concurrent-239.jar:/root/.m2/repository/io/airlift/json/239/json-239.jar:/root/.m2/repository/com/fasterxml/jackson/datatype/jackson-datatype-guava/2.15.3/jackson-datatype-guava-2.15.3.jar:/root/.m2/repository/com/fasterxml/jackson/datatype/jackson-datatype-joda/2.15.3/jackson-datatype-joda-2.15.3.jar:/root/.m2/repository/com/fasterxml/jackson/datatype/jackson-datatype-jsr310/2.15.3/jackson-datatype-jsr310-2.15.3.jar:/root/.m2/repository/com/fasterxml/jackson/module/jackson-module-parameter-names/2.15.3/jackson-module-parameter-names-2.15.3.jar:/root/.m2/repository/org/weakref/jmxutils/1.24/jmxutils-1.24.jar:/root/.m2/repository/org/apache/logging/log4j/log4j-to-slf4j/2.17.1/log4j-to-slf4j-2.17.1.jar:/root/.m2/repository/org/slf4j/slf4j-api/2.0.9/slf4j-api-2.0.9.jar:/root/.m2/repository/org/apache/logging/log4j/log4j-api/2.17.1/log4j-api-2.17.1.jar:/root/.m2/repository/org/slf4j/jcl-over-slf4j/2.0.9/jcl-over-slf4j-2.0.9.jar:/root/.m2/repository/org/slf4j/log4j-over-slf4j/2.0.9/log4j-over-slf4j-2.0.9.jar:/root/.m2/repository/org/slf4j/slf4j-jdk14/2.0.9/slf4j-jdk14-2.0.9.jar:/root/.m2/repository/io/airlift/units/1.10/units-1.10.jar:/root/.m2/repository/io/airlift/testing/239/testing-239.jar:/root/.m2/repository/io/trino/trino-main/436/trino-main-436.jar:/root/.m2/repository/com/clearspring/analytics/stream/2.9.8/stream-2.9.8.jar:/root/.m2/repository/com/esri/geometry/esri-geometry-api/2.2.4/esri-geometry-api-2.2.4.jar:/root/.m2/repository/com/fasterxml/jackson/core/jackson-databind/2.15.3/jackson-databind-2.15.3.jar:/root/.m2/repository/com/github/oshi/oshi-core/6.4.10/oshi-core-6.4.10.jar:/root/.m2/repository/net/java/dev/jna/jna/5.14.0/jna-5.14.0.jar:/root/.m2/repository/com/nimbusds/nimbus-jose-jwt/9.37.3/nimbus-jose-jwt-9.37.3.jar:/root/.m2/repository/com/github/stephenc/jcip/jcip-annotations/1.0-1/jcip-annotations-1.0-1.jar:/root/.m2/repository/com/nimbusds/oauth2-oidc-sdk/11.9/oauth2-oidc-sdk-11.9-jdk11.jar:/root/.m2/repository/com/nimbusds/content-type/2.3/content-type-2.3.jar:/root/.m2/repository/net/minidev/json-smart/2.5.0/json-smart-2.5.0.jar:/root/.m2/repository/net/minidev/accessors-smart/2.5.0/accessors-smart-2.5.0.jar:/root/.m2/repository/com/nimbusds/lang-tag/1.7/lang-tag-1.7.jar:/root/.m2/repository/commons-codec/commons-codec/1.16.0/commons-codec-1.16.0.jar:/root/.m2/repository/dev/failsafe/failsafe/3.3.2/failsafe-3.3.2.jar:/root/.m2/repository/io/airlift/aircompressor/0.25/aircompressor-0.25.jar:/root/.m2/repository/io/airlift/bytecode/1.5/bytecode-1.5.jar:/root/.m2/repository/org/ow2/asm/asm-tree/9.4/asm-tree-9.4.jar:/root/.m2/repository/org/ow2/asm/asm-util/9.4/asm-util-9.4.jar:/root/.m2/repository/org/ow2/asm/asm-analysis/9.4/asm-analysis-9.4.jar:/root/.m2/repository/io/airlift/discovery/239/discovery-239.jar:/root/.m2/repository/io/airlift/event/239/event-239.jar:/root/.m2/repository/io/airlift/http-client/239/http-client-239.jar:/root/.m2/repository/ch/qos/logback/logback-core/1.4.8/logback-core-1.4.8.jar:/root/.m2/repository/io/opentelemetry/semconv/opentelemetry-semconv/1.21.0-alpha/opentelemetry-semconv-1.21.0-alpha.jar:/root/.m2/repository/org/eclipse/jetty/jetty-client/11.0.17/jetty-client-11.0.17.jar:/root/.m2/repository/org/eclipse/jetty/jetty-alpn-client/11.0.17/jetty-alpn-client-11.0.17.jar:/root/.m2/repository/org/eclipse/jetty/jetty-http/11.0.17/jetty-http-11.0.17.jar:/root/.m2/repository/org/eclipse/jetty/jetty-io/11.0.17/jetty-io-11.0.17.jar:/root/.m2/repository/org/eclipse/jetty/jetty-util/11.0.17/jetty-util-11.0.17.jar:/root/.m2/repository/org/eclipse/jetty/http2/http2-client/11.0.17/http2-client-11.0.17.jar:/root/.m2/repository/org/eclipse/jetty/http2/http2-common/11.0.17/http2-common-11.0.17.jar:/root/.m2/repository/org/eclipse/jetty/http2/http2-hpack/11.0.17/http2-hpack-11.0.17.jar:/root/.m2/repository/org/eclipse/jetty/http2/http2-http-client-transport/11.0.17/http2-http-client-transport-11.0.17.jar:/root/.m2/repository/org/eclipse/jetty/jetty-alpn-java-client/11.0.17/jetty-alpn-java-client-11.0.17.jar:/root/.m2/repository/io/airlift/http-server/239/http-server-239.jar:/root/.m2/repository/org/eclipse/jetty/jetty-jmx/11.0.17/jetty-jmx-11.0.17.jar:/root/.m2/repository/org/eclipse/jetty/jetty-security/11.0.17/jetty-security-11.0.17.jar:/root/.m2/repository/org/eclipse/jetty/jetty-server/11.0.17/jetty-server-11.0.17.jar:/root/.m2/repository/org/eclipse/jetty/jetty-servlet/11.0.17/jetty-servlet-11.0.17.jar:/root/.m2/repository/org/eclipse/jetty/http2/http2-server/11.0.17/http2-server-11.0.17.jar:/root/.m2/repository/io/airlift/jaxrs/239/jaxrs-239.jar:/root/.m2/repository/com/fasterxml/jackson/dataformat/jackson-dataformat-smile/2.15.3/jackson-dataformat-smile-2.15.3.jar:/root/.m2/repository/org/glassfish/jersey/containers/jersey-container-servlet-core/3.1.2/jersey-container-servlet-core-3.1.2.jar:/root/.m2/repository/org/glassfish/jersey/core/jersey-common/3.1.2/jersey-common-3.1.2.jar:/root/.m2/repository/org/glassfish/hk2/osgi-resource-locator/1.0.3/osgi-resource-locator-1.0.3.jar:/root/.m2/repository/org/glassfish/jersey/core/jersey-server/3.1.2/jersey-server-3.1.2.jar:/root/.m2/repository/org/glassfish/jersey/core/jersey-client/3.1.2/jersey-client-3.1.2.jar:/root/.m2/repository/jakarta/xml/bind/jakarta.xml.bind-api/4.0.1/jakarta.xml.bind-api-4.0.1.jar:/root/.m2/repository/jakarta/activation/jakarta.activation-api/2.1.2/jakarta.activation-api-2.1.2.jar:/root/.m2/repository/org/glassfish/jaxb/jaxb-runtime/4.0.2/jaxb-runtime-4.0.2.jar:/root/.m2/repository/org/glassfish/jaxb/jaxb-core/4.0.2/jaxb-core-4.0.2.jar:/root/.m2/repository/org/eclipse/angus/angus-activation/2.0.0/angus-activation-2.0.0.jar:/root/.m2/repository/org/glassfish/jaxb/txw2/4.0.2/txw2-4.0.2.jar:/root/.m2/repository/com/sun/istack/istack-commons-runtime/4.1.1/istack-commons-runtime-4.1.1.jar:/root/.m2/repository/org/glassfish/jersey/containers/jersey-container-servlet/3.1.2/jersey-container-servlet-3.1.2.jar:/root/.m2/repository/org/glassfish/jersey/inject/jersey-hk2/3.1.2/jersey-hk2-3.1.2.jar:/root/.m2/repository/org/glassfish/hk2/hk2-locator/3.0.4/hk2-locator-3.0.4.jar:/root/.m2/repository/org/glassfish/hk2/hk2-api/3.0.4/hk2-api-3.0.4.jar:/root/.m2/repository/org/glassfish/hk2/hk2-utils/3.0.4/hk2-utils-3.0.4.jar:/root/.m2/repository/org/javassist/javassist/3.29.0-GA/javassist-3.29.0-GA.jar:/root/.m2/repository/io/airlift/jmx/239/jmx-239.jar:/root/.m2/repository/io/airlift/jmx-http/239/jmx-http-239.jar:/root/.m2/repository/io/airlift/joni/2.1.5.3/joni-2.1.5.3.jar:/root/.m2/repository/io/airlift/node/239/node-239.jar:/root/.m2/repository/io/airlift/openmetrics/239/openmetrics-239.jar:/root/.m2/repository/io/airlift/security/239/security-239.jar:/root/.m2/repository/io/airlift/stats/239/stats-239.jar:/root/.m2/repository/org/hdrhistogram/HdrHistogram/2.1.9/HdrHistogram-2.1.9.jar:/root/.m2/repository/io/airlift/trace-token/239/trace-token-239.jar:/root/.m2/repository/io/airlift/tracing/239/tracing-239.jar:/root/.m2/repository/io/opentelemetry/opentelemetry-exporter-otlp/1.31.0/opentelemetry-exporter-otlp-1.31.0.jar:/root/.m2/repository/io/opentelemetry/opentelemetry-sdk-metrics/1.31.0/opentelemetry-sdk-metrics-1.31.0.jar:/root/.m2/repository/io/opentelemetry/opentelemetry-extension-incubator/1.31.0-alpha/opentelemetry-extension-incubator-1.31.0-alpha.jar:/root/.m2/repository/io/opentelemetry/opentelemetry-sdk-logs/1.31.0/opentelemetry-sdk-logs-1.31.0.jar:/root/.m2/repository/io/opentelemetry/opentelemetry-api-events/1.31.0-alpha/opentelemetry-api-events-1.31.0-alpha.jar:/root/.m2/repository/io/opentelemetry/opentelemetry-exporter-otlp-common/1.31.0/opentelemetry-exporter-otlp-common-1.31.0.jar:/root/.m2/repository/io/opentelemetry/opentelemetry-exporter-common/1.31.0/opentelemetry-exporter-common-1.31.0.jar:/root/.m2/repository/io/opentelemetry/opentelemetry-exporter-sender-okhttp/1.31.0/opentelemetry-exporter-sender-okhttp-1.31.0.jar:/root/.m2/repository/io/opentelemetry/opentelemetry-sdk-extension-autoconfigure-spi/1.31.0/opentelemetry-sdk-extension-autoconfigure-spi-1.31.0.jar:/root/.m2/repository/io/opentelemetry/opentelemetry-sdk/1.31.0/opentelemetry-sdk-1.31.0.jar:/root/.m2/repository/io/opentelemetry/opentelemetry-sdk-common/1.31.0/opentelemetry-sdk-common-1.31.0.jar:/root/.m2/repository/io/airlift/discovery/discovery-server/1.36/discovery-server-1.36.jar:/root/.m2/repository/io/airlift/jmx-http-rpc/234/jmx-http-rpc-234.jar:/root/.m2/repository/org/iq80/leveldb/leveldb-api/0.12/leveldb-api-0.12.jar:/root/.m2/repository/org/iq80/leveldb/leveldb/0.12/leveldb-0.12.jar:/root/.m2/repository/io/airlift/event-http/234/event-http-234.jar:/root/.m2/repository/io/jsonwebtoken/jjwt-api/0.12.3/jjwt-api-0.12.3.jar:/root/.m2/repository/io/jsonwebtoken/jjwt-impl/0.12.3/jjwt-impl-0.12.3.jar:/root/.m2/repository/io/jsonwebtoken/jjwt-jackson/0.12.3/jjwt-jackson-0.12.3.jar:/root/.m2/repository/io/opentelemetry/opentelemetry-sdk-trace/1.31.0/opentelemetry-sdk-trace-1.31.0.jar:/root/.m2/repository/io/trino/re2j/1.6/re2j-1.6.jar:/root/.m2/repository/io/trino/trino-array/436/trino-array-436.jar:/root/.m2/repository/io/trino/trino-cache/436/trino-cache-436.jar:/root/.m2/repository/io/trino/trino-client/436/trino-client-436.jar:/root/.m2/repository/io/trino/trino-geospatial-toolkit/436/trino-geospatial-toolkit-436.jar:/root/.m2/repository/org/locationtech/jts/io/jts-io-common/1.19.0/jts-io-common-1.19.0.jar:/root/.m2/repository/com/googlecode/json-simple/json-simple/1.1.1/json-simple-1.1.1.jar:/root/.m2/repository/io/trino/trino-matching/436/trino-matching-436.jar:/root/.m2/repository/io/trino/trino-memory-context/436/trino-memory-context-436.jar:/root/.m2/repository/io/trino/trino-parser/436/trino-parser-436.jar:/root/.m2/repository/io/trino/trino-grammar/436/trino-grammar-436.jar:/root/.m2/repository/org/antlr/antlr4-runtime/4.13.1/antlr4-runtime-4.13.1.jar:/root/.m2/repository/io/trino/trino-plugin-toolkit/436/trino-plugin-toolkit-436.jar:/root/.m2/repository/it/unimi/dsi/fastutil/8.5.12/fastutil-8.5.12.jar:/root/.m2/repository/jakarta/ws/rs/jakarta.ws.rs-api/3.1.0/jakarta.ws.rs-api-3.1.0.jar:/root/.m2/repository/joda-time/joda-time/2.12.6/joda-time-2.12.6.jar:/root/.m2/repository/org/apache/commons/commons-math3/3.6.1/commons-math3-3.6.1.jar:/root/.m2/repository/org/apache/lucene/lucene-analysis-common/9.7.0/lucene-analysis-common-9.7.0.jar:/root/.m2/repository/org/apache/lucene/lucene-core/9.7.0/lucene-core-9.7.0.jar:/root/.m2/repository/org/eclipse/jetty/toolchain/jetty-jakarta-servlet-api/5.0.2/jetty-jakarta-servlet-api-5.0.2.jar:/root/.m2/repository/org/gaul/modernizer-maven-annotations/2.7.0/modernizer-maven-annotations-2.7.0.jar:/root/.m2/repository/org/locationtech/jts/jts-core/1.19.0/jts-core-1.19.0.jar:/root/.m2/repository/org/ow2/asm/asm/9.6/asm-9.6.jar:/root/.m2/repository/org/pcollections/pcollections/4.0.1/pcollections-4.0.1.jar:/root/.m2/repository/org/roaringbitmap/RoaringBitmap/1.0.1/RoaringBitmap-1.0.1.jar:/root/.m2/repository/com/squareup/okhttp3/okhttp/4.12.0/okhttp-4.12.0.jar:/root/.m2/repository/com/squareup/okio/okio/3.6.0/okio-3.6.0.jar:/root/.m2/repository/com/squareup/okio/okio-jvm/3.6.0/okio-jvm-3.6.0.jar:/root/.m2/repository/org/jetbrains/kotlin/kotlin-stdlib-common/1.9.0/kotlin-stdlib-common-1.9.0.jar:/root/.m2/repository/org/jetbrains/kotlin/kotlin-stdlib-jdk8/1.9.0/kotlin-stdlib-jdk8-1.9.0.jar:/root/.m2/repository/org/jetbrains/kotlin/kotlin-stdlib/1.9.0/kotlin-stdlib-1.9.0.jar:/root/.m2/repository/org/jetbrains/kotlin/kotlin-stdlib-jdk7/1.9.0/kotlin-stdlib-jdk7-1.9.0.jar:/root/.m2/repository/net/java/dev/jna/jna-platform/5.14.0/jna-platform-5.14.0.jar:/root/.m2/repository/io/trino/trino-memory/436/trino-memory-436.jar:/root/.m2/repository/io/trino/trino-testing/436/trino-testing-436.jar:/root/.m2/repository/io/opentelemetry/opentelemetry-sdk-testing/1.31.0/opentelemetry-sdk-testing-1.31.0.jar:/root/.m2/repository/io/trino/trino-main/436/trino-main-436-tests.jar:/root/.m2/repository/io/trino/trino-testing-containers/436/trino-testing-containers-436.jar:/root/.m2/repository/com/github/docker-java/docker-java-api/3.3.4/docker-java-api-3.3.4.jar:/root/.m2/repository/io/minio/minio/8.5.7/minio-8.5.7.jar:/root/.m2/repository/com/carrotsearch/thirdparty/simple-xml-safe/2.7.1/simple-xml-safe-2.7.1.jar:/root/.m2/repository/org/bouncycastle/bcprov-jdk18on/1.76/bcprov-jdk18on-1.76.jar:/root/.m2/repository/org/apache/commons/commons-compress/1.24.0/commons-compress-1.24.0.jar:/root/.m2/repository/org/xerial/snappy/snappy-java/1.1.10.5/snappy-java-1.1.10.5.jar:/root/.m2/repository/org/rnorth/duct-tape/duct-tape/1.0.8/duct-tape-1.0.8.jar:/root/.m2/repository/org/jetbrains/annotations/17.0.0/annotations-17.0.0.jar:/root/.m2/repository/org/testcontainers/testcontainers/1.19.3/testcontainers-1.19.3.jar:/root/.m2/repository/junit/junit/4.13.2/junit-4.13.2.jar:/root/.m2/repository/org/hamcrest/hamcrest-core/1.3/hamcrest-core-1.3.jar:/root/.m2/repository/com/github/docker-java/docker-java-transport-zerodep/3.3.4/docker-java-transport-zerodep-3.3.4.jar:/root/.m2/repository/com/github/docker-java/docker-java-transport/3.3.4/docker-java-transport-3.3.4.jar:/root/.m2/repository/io/trino/trino-testing-services/436/trino-testing-services-436.jar:/root/.m2/repository/io/trino/tpch/tpch/1.2/tpch-1.2.jar:/root/.m2/repository/org/assertj/assertj-core/3.24.2/assertj-core-3.24.2.jar:/root/.m2/repository/org/jdbi/jdbi3-core/3.43.0/jdbi3-core-3.43.0.jar:/root/.m2/repository/io/leangen/geantyref/geantyref/1.3.14/geantyref-1.3.14.jar:/root/.m2/repository/com/h2database/h2/2.2.224/h2-2.2.224.jar:/root/.m2/repository/io/trino/trino-tpch/436/trino-tpch-436.jar:/root/.m2/repository/com/fasterxml/jackson/datatype/jackson-datatype-jdk8/2.15.3/jackson-datatype-jdk8-2.15.3.jar:/root/.m2/repository/org/junit/jupiter/junit-jupiter-api/5.10.0/junit-jupiter-api-5.10.0.jar:/root/.m2/repository/org/opentest4j/opentest4j/1.3.0/opentest4j-1.3.0.jar:/root/.m2/repository/org/junit/platform/junit-platform-commons/1.10.0/junit-platform-commons-1.10.0.jar:/root/.m2/repository/org/apiguardian/apiguardian-api/1.1.2/apiguardian-api-1.1.2.jar:"/>
    <property name="sun.cpu.endian" value="little"/>
    <property name="user.home" value="/root"/>
    <property name="user.language" value="en"/>
    <property name="java.specification.vendor" value="Oracle Corporation"/>
    <property name="java.version.date" value="2024-07-16"/>
    <property name="java.home" value="/usr/lib/jvm/jdk-21.0.4-oracle-x64"/>
    <property name="file.separator" value="/"/>
    <property name="basedir" value="/home/zephyrus/Documents/Knorket.AI/attempt3/trino-plugin-archetype/trino-nlp-embeddings"/>
    <property name="java.vm.compressedOopsMode" value="32-bit"/>
    <property name="line.separator" value="&#10;"/>
    <property name="java.vm.specification.vendor" value="Oracle Corporation"/>
    <property name="java.specification.name" value="Java Platform API Specification"/>
    <property name="java.awt.headless" value="true"/>
    <property name="git.build.time" value="2024-09-25T14:56:01-0400"/>
    <property name="surefire.real.class.path" value="/home/zephyrus/Documents/Knorket.AI/attempt3/trino-plugin-archetype/trino-nlp-embeddings/target/surefire/surefirebooter-20240925145605901_3.jar"/>
    <property name="sun.management.compiler" value="HotSpot 64-Bit Tiered Compilers"/>
    <property name="java.runtime.version" value="21.0.4+8-LTS-274"/>
    <property name="user.name" value="root"/>
    <property name="stdout.encoding" value="UTF-8"/>
    <property name="path.separator" value=":"/>
    <property name="os.version" value="6.8.0-45-generic"/>
    <property name="java.runtime.name" value="Java(TM) SE Runtime Environment"/>
    <property name="file.encoding" value="UTF-8"/>
    <property name="jnidispatch.path" value="/root/.cache/JNA/temp/jna12796307945850908341.tmp"/>
    <property name="java.vm.name" value="Java HotSpot(TM) 64-Bit Server VM"/>
    <property name="jna.platform.library.path" value="/usr/lib/x86_64-linux-gnu:/lib/x86_64-linux-gnu:/usr/lib64:/lib64:/usr/lib:/lib:/usr/lib/x86_64-linux-gnu/libfakeroot"/>
    <property name="localRepository" value="/root/.m2/repository"/>
    <property name="jna.loaded" value="true"/>
    <property name="java.vendor.url.bug" value="https://bugreport.java.com/bugreport/"/>
    <property name="jetty.git.hash" value="48e7716b9462bebea6732b885dbebb4300787a5c"/>
    <property name="java.io.tmpdir" value="/tmp"/>
    <property name="java.version" value="21.0.4"/>
    <property name="user.dir" value="/home/zephyrus/Documents/Knorket.AI/attempt3/trino-plugin-archetype/trino-nlp-embeddings"/>
    <property name="os.arch" value="amd64"/>
    <property name="java.vm.specification.name" value="Java Virtual Machine Specification"/>
    <property name="java.util.logging.SimpleFormatter.format" value="%1$tY-%1$tm-%1$tdT%1$tH:%1$tM:%1$tS.%1$tL%1$tz %4$s %5$s%6$s%n"/>
    <property name="git.commit.id.describe" value="v0.13-2-gcf1aec7"/>
    <property name="native.encoding" value="UTF-8"/>
    <property name="java.library.path" value="/usr/java/packages/lib:/usr/lib64:/lib64:/lib:/usr/lib"/>
    <property name="java.vm.info" value="mixed mode, sharing"/>
    <property name="stderr.encoding" value="UTF-8"/>
    <property name="java.vendor" value="Oracle Corporation"/>
    <property name="java.vm.version" value="21.0.4+8-LTS-274"/>
    <property name="sun.io.unicode.encoding" value="UnicodeLittle"/>
    <property name="java.class.version" value="65.0"/>
  </properties>
  <testcase name="selectFromTable" classname="it.pkg.TestNLPQueries" time="0.903">
    <system-err><![CDATA[2024-09-25T18:56:06.450Z	INFO	main	io.airlift.log.Logging	Logging to stderr
2024-09-25T18:56:07.807Z	INFO	main	stdout	# WARNING: Unable to get Instrumentation. Dynamic Attach failed. You may add this JAR as -javaagent manually, or supply -Djdk.attach.allowAttachSelf
2024-09-25T18:56:08.930Z	INFO	main	stdout	# WARNING: Unable to attach Serviceability Agent. sun.jvm.hotspot.memory.Universe.getNarrowOopBase()
2024-09-25T18:56:09.826Z	INFO	main	io.trino.testing.DistributedQueryRunner	Created TestingDiscoveryServer in 2.78s
2024-09-25T18:56:12.897Z	INFO	main	io.trino.testing.DistributedQueryRunner	Created TestingTrinoServer coordinator in 3.07s: http://127.0.0.1:8080
2024-09-25T18:56:12.969Z	INFO	main	io.trino.testing.DistributedQueryRunner	Created DistributedQueryRunner in 5.92s (unclosed instances = 1)
2024-09-25T18:56:12.989Z	INFO	main	io.trino.testing.DistributedQueryRunner	Created catalog example in 16.55ms
]]></system-err>
  </testcase>
  <testcase name="showTables" classname="it.pkg.TestNLPQueries" time="0.381"/>
</testsuite>